<?xml version="1.0" encoding="UTF-8"?>
<testng-results ignored="0" total="5" passed="5" failed="0" skipped="0">
  <reporter-output>
  </reporter-output>
  <suite started-at="2024-10-08T12:07:01 PKT" name="Default suite" finished-at="2024-10-08T12:07:08 PKT" duration-ms="6771">
    <groups>
    </groups>
    <test started-at="2024-10-08T12:07:01 PKT" name="Default test" finished-at="2024-10-08T12:07:08 PKT" duration-ms="6771">
      <class name="test.DataDrivenTestingWithCSV">
        <test-method signature="DataDrivenTesting(java.util.Map)[pri:0, instance:test.DataDrivenTestingWithCSV@e350b40]" started-at="2024-10-08T12:07:02 PKT" name="DataDrivenTesting" data-provider="CSVTestData" finished-at="2024-10-08T12:07:05 PKT" duration-ms="3047" status="PASS">
          <params>
            <param index="0">
              <value>
                <![CDATA[{email=Nabilamubeen@venturedive.com, firstname=Nabila, id=1, lastname=Mubeen}]]>
              </value>
            </param>
          </params>
          <reporter-output>
          </reporter-output>
        </test-method> <!-- DataDrivenTesting -->
        <test-method signature="DataDrivenTesting(java.util.Map)[pri:0, instance:test.DataDrivenTestingWithCSV@e350b40]" started-at="2024-10-08T12:07:05 PKT" name="DataDrivenTesting" data-provider="CSVTestData" finished-at="2024-10-08T12:07:05 PKT" duration-ms="884" status="PASS">
          <params>
            <param index="0">
              <value>
                <![CDATA[{email=Mubeenjamal@venturedive.com, firstname=Mubeen, id=2, lastname=Jamal}]]>
              </value>
            </param>
          </params>
          <reporter-output>
          </reporter-output>
        </test-method> <!-- DataDrivenTesting -->
        <test-method signature="DataDrivenTesting(java.util.Map)[pri:0, instance:test.DataDrivenTestingWithCSV@e350b40]" started-at="2024-10-08T12:07:05 PKT" name="DataDrivenTesting" data-provider="CSVTestData" finished-at="2024-10-08T12:07:06 PKT" duration-ms="908" status="PASS">
          <params>
            <param index="0">
              <value>
                <![CDATA[{email=Alifarhan@venturedive.com, firstname=Ali, id=3, lastname=Farhan}]]>
              </value>
            </param>
          </params>
          <reporter-output>
          </reporter-output>
        </test-method> <!-- DataDrivenTesting -->
        <test-method signature="DataDrivenTesting(java.util.Map)[pri:0, instance:test.DataDrivenTestingWithCSV@e350b40]" started-at="2024-10-08T12:07:06 PKT" name="DataDrivenTesting" data-provider="CSVTestData" finished-at="2024-10-08T12:07:07 PKT" duration-ms="922" status="PASS">
          <params>
            <param index="0">
              <value>
                <![CDATA[{email=israfatima@venturedive.com, firstname=Isra, id=4, lastname=Fatima}]]>
              </value>
            </param>
          </params>
          <reporter-output>
          </reporter-output>
        </test-method> <!-- DataDrivenTesting -->
        <test-method signature="DataDrivenTesting(java.util.Map)[pri:0, instance:test.DataDrivenTestingWithCSV@e350b40]" started-at="2024-10-08T12:07:07 PKT" name="DataDrivenTesting" data-provider="CSVTestData" finished-at="2024-10-08T12:07:08 PKT" duration-ms="930" status="PASS">
          <params>
            <param index="0">
              <value>
                <![CDATA[{email=laibaahmed@venturedive.com, firstname=Laiba, id=5, lastname=Ahmed}]]>
              </value>
            </param>
          </params>
          <reporter-output>
          </reporter-output>
        </test-method> <!-- DataDrivenTesting -->
      </class> <!-- test.DataDrivenTestingWithCSV -->
    </test> <!-- Default test -->
  </suite> <!-- Default suite -->
</testng-results>
