<?xml version="1.0" encoding="UTF-8"?>
<!-- Generated by org.testng.reporters.JUnitXMLReporter -->
<testsuite ignored="1" hostname="Nabila-Mubeen-Dell" failures="0" tests="5" name="Default test" time="6.771" errors="0" timestamp="2024-10-08T12:07:08 PKT">
  <testcase classname="test.DataDrivenTestingWithCSV" name="DataDrivenTesting" time="3.047"/>
  <testcase classname="test.DataDrivenTestingWithCSV" name="DataDrivenTesting" time="0.884"/>
  <testcase classname="test.DataDrivenTestingWithCSV" name="DataDrivenTesting" time="0.908"/>
  <testcase classname="test.DataDrivenTestingWithCSV" name="DataDrivenTesting" time="0.922"/>
  <testcase classname="test.DataDrivenTestingWithCSV" name="DataDrivenTesting" time="0.93"/>
  <testcase classname="test.DataDrivenTestingWithCSV" name="getuser" time="0.0">
    <ignored/>
  </testcase> <!-- getuser -->
</testsuite> <!-- Default test -->
